*[INFO ]-- Starting DemoApplication using Java 21.0.2 with PID 23660 (D:\SpringBoot\demo\target\classes started by dhanushkumar.p in D:\SpringBoot\demo)--
*[INFO ]-- No active profile set, falling back to 1 default profile: "default"--
*[INFO ]-- Starting service [Tomcat]--
*[INFO ]-- Starting Servlet engine: [Apache Tomcat/10.1.28]--
*[INFO ]-- Initializing Spring embedded WebApplicationContext--
*[INFO ]-- HikariPool-1 - Starting...--
*[INFO ]-- HikariPool-1 - Added connection conn0: url=jdbc:h2:file:~/demo user=SA--
*[INFO ]-- HikariPool-1 - Start completed.--
*[INFO ]-- Started DemoApplication in 4.425 seconds (process running for 5.086)--
*[INFO ]-- HikariPool-1 - Shutdown initiated...--
*[INFO ]-- HikariPool-1 - Shutdown completed.--
*[INFO ]-- Starting DemoApplication using Java 21.0.2 with PID 19712 (D:\SpringBoot\demo\target\classes started by dhanushkumar.p in D:\SpringBoot\demo)--
*[INFO ]-- No active profile set, falling back to 1 default profile: "default"--
*[INFO ]-- Starting service [Tomcat]--
*[INFO ]-- Starting Servlet engine: [Apache Tomcat/10.1.28]--
*[INFO ]-- Initializing Spring embedded WebApplicationContext--
*[INFO ]-- HikariPool-1 - Starting...--
*[INFO ]-- HikariPool-1 - Added connection conn0: url=jdbc:h2:file:~/demo user=SA--
*[INFO ]-- HikariPool-1 - Start completed.--
*[INFO ]-- Started DemoApplication in 4.538 seconds (process running for 5.271)--
*[INFO ]-- Initializing Spring DispatcherServlet 'dispatcherServlet'--
*[INFO ]-- Before method:List com.kgisl.demo.service.PersonServiceImpl.getAllPersons()--
*[INFO ]-- After method:List com.kgisl.demo.service.PersonServiceImpl.getAllPersons()--
*[INFO ]-- Starting DemoApplication using Java 21.0.2 with PID 1940 (D:\SpringBoot\demo\target\classes started by dhanushkumar.p in D:\SpringBoot\demo)--
*[INFO ]-- No active profile set, falling back to 1 default profile: "default"--
*[INFO ]-- Starting service [Tomcat]--
*[INFO ]-- Starting Servlet engine: [Apache Tomcat/10.1.28]--
*[INFO ]-- Initializing Spring embedded WebApplicationContext--
*[INFO ]-- HikariPool-1 - Starting...--
*[INFO ]-- HikariPool-1 - Added connection conn0: url=jdbc:h2:file:~/demo user=SA--
*[INFO ]-- HikariPool-1 - Start completed.--
*[INFO ]-- Started DemoApplication in 4.7 seconds (process running for 5.309)--
*[INFO ]-- HikariPool-1 - Shutdown initiated...--
*[INFO ]-- HikariPool-1 - Shutdown completed.--
*[INFO ]-- Starting DemoApplicationTests using Java 21.0.2 with PID 25008 (started by dhanushkumar.p in D:\SpringBoot\demo)--
*[INFO ]-- No active profile set, falling back to 1 default profile: "default"--
*[INFO ]-- HikariPool-1 - Starting...--
*[INFO ]-- HikariPool-1 - Added connection conn0: url=jdbc:h2:file:~/demo user=SA--
*[INFO ]-- HikariPool-1 - Start completed.--
*[INFO ]-- Started DemoApplicationTests in 6.028 seconds (process running for 10.834)--
*[INFO ]-- HikariPool-1 - Shutdown initiated...--
*[INFO ]-- HikariPool-1 - Shutdown completed.--
*[INFO ]-- Starting DemoApplicationTests using Java 21.0.2 with PID 22280 (started by dhanushkumar.p in D:\SpringBoot\demo)--
*[INFO ]-- No active profile set, falling back to 1 default profile: "default"--
*[INFO ]-- HikariPool-1 - Starting...--
*[INFO ]-- HikariPool-1 - Added connection conn0: url=jdbc:h2:file:~/demo user=SA--
*[INFO ]-- HikariPool-1 - Start completed.--
*[INFO ]-- Started DemoApplicationTests in 6.029 seconds (process running for 10.451)--
*[INFO ]-- HikariPool-1 - Shutdown initiated...--
*[INFO ]-- HikariPool-1 - Shutdown completed.--
*[INFO ]-- Starting DemoApplicationTests using Java 21.0.2 with PID 10692 (started by dhanushkumar.p in D:\SpringBoot\demo)--
*[INFO ]-- No active profile set, falling back to 1 default profile: "default"--
*[INFO ]-- HikariPool-1 - Starting...--
*[INFO ]-- HikariPool-1 - Added connection conn0: url=jdbc:h2:file:~/demo user=SA--
*[INFO ]-- HikariPool-1 - Start completed.--
*[INFO ]-- Started DemoApplicationTests in 9.842 seconds (process running for 16.862)--
*[INFO ]-- HikariPool-1 - Shutdown initiated...--
*[INFO ]-- HikariPool-1 - Shutdown completed.--
*[INFO ]-- Starting DemoApplicationTests using Java 21.0.2 with PID 31380 (started by dhanushkumar.p in D:\SpringBoot\demo)--
*[INFO ]-- No active profile set, falling back to 1 default profile: "default"--
*[INFO ]-- HikariPool-1 - Starting...--
*[INFO ]-- HikariPool-1 - Added connection conn0: url=jdbc:h2:file:~/demo user=SA--
*[INFO ]-- HikariPool-1 - Start completed.--
*[INFO ]-- Started DemoApplicationTests in 5.744 seconds (process running for 10.663)--
*[INFO ]-- HikariPool-1 - Shutdown initiated...--
*[INFO ]-- HikariPool-1 - Shutdown completed.--
*[INFO ]-- Starting DemoApplicationTests using Java 21.0.2 with PID 5896 (started by dhanushkumar.p in D:\SpringBoot\demo)--
*[INFO ]-- No active profile set, falling back to 1 default profile: "default"--
*[INFO ]-- HikariPool-1 - Starting...--
*[INFO ]-- HikariPool-1 - Added connection conn0: url=jdbc:h2:file:~/demo user=SA--
*[INFO ]-- HikariPool-1 - Start completed.--
*[INFO ]-- Started DemoApplicationTests in 4.473 seconds (process running for 8.401)--
*[INFO ]-- HikariPool-1 - Shutdown initiated...--
*[INFO ]-- HikariPool-1 - Shutdown completed.--
